[04:14:46] [main/INFO]: Setting user: Player808
[04:14:48] [Client thread/INFO]: LWJGL Version: 2.9.1
[04:14:52] [Client thread/INFO]: Reloading ResourceManager: Default, FMLFileResourcePack:Forge Mod Loader, FMLFileResourcePack:Minecraft Forge, FMLFileResourcePack:Example Mod
[04:14:53] [Sound Library Loader/INFO]: Sound engine started
[04:14:54] [Client thread/INFO]: Created: 512x256 textures/blocks-atlas
[04:14:55] [Client thread/INFO]: Created: 256x256 textures/items-atlas
[04:14:55] [Client thread/INFO]: Reloading ResourceManager: Default, FMLFileResourcePack:Forge Mod Loader, FMLFileResourcePack:Minecraft Forge, FMLFileResourcePack:Example Mod
[04:14:55] [Client thread/INFO]: Created: 256x256 textures/items-atlas
[04:14:55] [Client thread/INFO]: Created: 512x256 textures/blocks-atlas
[04:14:56] [Sound Library Loader/INFO]: Sound engine started
[04:15:00] [Server thread/INFO]: Starting integrated minecraft server version 1.7.10
[04:15:00] [Server thread/INFO]: Generating keypair
[04:15:00] [Server thread/INFO]: Preparing start region for level 0
[04:15:01] [Server thread/INFO]: Changing view distance to 12, from 10
[04:15:01] [Server thread/INFO]: Player808[local:E:c39e67ad] logged in with entity id 234 at (411.1363646245106, 21.0, -522.4518978120952)
[04:15:01] [Server thread/INFO]: Player808 joined the game
[04:16:04] [Server thread/INFO]: Player808 has just earned the achievement [Taking Inventory]
[04:16:04] [Client thread/INFO]: [CHAT] Player808 has just earned the achievement [Taking Inventory]
[04:16:35] [Server thread/INFO]: Saving and pausing game...
[04:16:35] [Server thread/INFO]: Saving chunks for level 'New World'/Overworld
[04:16:35] [Server thread/INFO]: Saving chunks for level 'New World'/Nether
[04:16:35] [Server thread/INFO]: Saving chunks for level 'New World'/The End
[04:16:36] [Client thread/INFO]: Stopping!
[04:16:36] [Server thread/INFO]: Stopping server
[04:16:36] [Server thread/INFO]: Saving players
[04:16:36] [Server thread/INFO]: Saving worlds
[04:16:36] [Server thread/INFO]: Saving chunks for level 'New World'/Overworld
[04:16:36] [Server thread/INFO]: Saving chunks for level 'New World'/Nether
[04:16:36] [Server thread/INFO]: Saving chunks for level 'New World'/The End
